<?xml version="1.0" encoding="UTF-8"?>
<!-- Generated by org.testng.reporters.JUnitXMLReporter -->
<testsuite hostname="Navdeep-pc" ignored="0" name="Test" tests="1" failures="1" timestamp="26 Jun 2021 00:22:46 GMT" time="5.597" errors="0">
  <testcase name="verifyLogin" time="4.456" classname="testCases.SignInTest">
    <failure type="java.lang.AssertionError" message="expected [My account - My Store] but found [Login - My Store]">
      <![CDATA[java.lang.AssertionError: expected [My account - My Store] but found [Login - My Store]
at testCases.SignInTest.verifyLogin(SignInTest.java:32)
... Removed 31 stack frames]]>
    </failure>
  </testcase> <!-- verifyLogin -->
</testsuite> <!-- Test -->
